<?xml version="1.0" encoding="UTF-8"?>
<testng-results ignored="0" total="1" passed="1" failed="0" skipped="0">
  <reporter-output>
  </reporter-output>
  <suite started-at="2021-04-01T13:42:07 IST" name="Default suite" finished-at="2021-04-01T13:42:54 IST" duration-ms="47321">
    <groups>
    </groups>
    <test started-at="2021-04-01T13:42:07 IST" name="Default test" finished-at="2021-04-01T13:42:54 IST" duration-ms="47321">
      <class name="Task.LoginTest">
        <test-method is-config="true" signature="intializeBrowser()[pri:0, instance:Task.LoginTest@702b8b12]" started-at="2021-04-01T13:42:07 IST" name="intializeBrowser" finished-at="2021-04-01T13:42:17 IST" duration-ms="10348" status="PASS">
          <reporter-output>
          </reporter-output>
        </test-method> <!-- intializeBrowser -->
        <test-method signature="loginPageValidation()[pri:0, instance:Task.LoginTest@702b8b12]" started-at="2021-04-01T13:42:17 IST" name="loginPageValidation" finished-at="2021-04-01T13:42:54 IST" duration-ms="36794" status="PASS">
          <reporter-output>
          </reporter-output>
        </test-method> <!-- loginPageValidation -->
      </class> <!-- Task.LoginTest -->
    </test> <!-- Default test -->
  </suite> <!-- Default suite -->
</testng-results>
